0 info it worked if it ends with ok
1 verbose cli [ 'node', '/usr/local/bin/npm', 'start' ]
2 info using npm@1.4.14
3 info using node@v0.10.29
4 verbose run-script [ 'prestart', 'start', 'poststart' ]
5 info prestart angularfire-seed@0.9.1
6 verbose unsafe-perm in lifecycle true
7 info start angularfire-seed@0.9.1
8 verbose unsafe-perm in lifecycle true
9 info angularfire-seed@0.9.1 Failed to exec start script
10 error angularfire-seed@0.9.1 start: `http-server -a localhost -p 4000`
10 error Exit status 8
11 error Failed at the angularfire-seed@0.9.1 start script.
11 error This is most likely a problem with the angularfire-seed package,
11 error not with npm itself.
11 error Tell the author that this fails on your system:
11 error     http-server -a localhost -p 4000
11 error You can get their info via:
11 error     npm owner ls angularfire-seed
11 error There is likely additional logging output above.
12 error System Darwin 14.0.0
13 error command "node" "/usr/local/bin/npm" "start"
14 error cwd /Users/Zack/sync
15 error node -v v0.10.29
16 error npm -v 1.4.14
17 error code ELIFECYCLE
18 verbose exit [ 1, true ]
